[debug] [2024-02-16T16:43:24.195Z] ----------------------------------------------------------------------
[debug] [2024-02-16T16:43:24.196Z] Command:       C:\Program Files\nodejs\node.exe C:\Users\USUARIO\AppData\Roaming\npm\node_modules\firebase-tools\lib\bin\firebase.js init
[debug] [2024-02-16T16:43:24.196Z] CLI Version:   13.2.1
[debug] [2024-02-16T16:43:24.197Z] Platform:      win32
[debug] [2024-02-16T16:43:24.197Z] Node Version:  v18.16.0
[debug] [2024-02-16T16:43:24.197Z] Time:          Fri Feb 16 2024 11:43:24 GMT-0500 (Ecuador Time)
[debug] [2024-02-16T16:43:24.197Z] ----------------------------------------------------------------------
[debug] 
[debug] [2024-02-16T16:43:24.200Z] >>> [apiv2][query] GET https://firebase-public.firebaseio.com/cli.json [none]
[debug] [2024-02-16T16:43:24.265Z] > command requires scopes: ["email","openid","https://www.googleapis.com/auth/cloudplatformprojects.readonly","https://www.googleapis.com/auth/firebase","https://www.googleapis.com/auth/cloud-platform"]
[debug] [2024-02-16T16:43:24.266Z] > authorizing via signed-in user (andrenimacion@gmail.com)
[info] 
     ######## #### ########  ######## ########     ###     ######  ########
     ##        ##  ##     ## ##       ##     ##  ##   ##  ##       ##
     ######    ##  ########  ######   ########  #########  ######  ######
     ##        ##  ##    ##  ##       ##     ## ##     ##       ## ##
     ##       #### ##     ## ######## ########  ##     ##  ######  ########

You're about to initialize a Firebase project in this directory:

  C:\Users\USUARIO\Documents\pomodoro90\pomodoro

Before we get started, keep in mind:

  * You are initializing within an existing Firebase project directory

[debug] [2024-02-16T16:43:24.648Z] <<< [apiv2][status] GET https://firebase-public.firebaseio.com/cli.json 200
[debug] [2024-02-16T16:43:24.648Z] <<< [apiv2][body] GET https://firebase-public.firebaseio.com/cli.json {"cloudBuildErrorAfter":1594252800000,"cloudBuildWarnAfter":1590019200000,"defaultNode10After":1594252800000,"minVersion":"3.0.5","node8DeploysDisabledAfter":1613390400000,"node8RuntimeDisabledAfter":1615809600000,"node8WarnAfter":1600128000000}
[debug] [2024-02-16T18:49:54.737Z] ----------------------------------------------------------------------
[debug] [2024-02-16T18:49:54.738Z] Command:       C:\Program Files\nodejs\node.exe C:\Users\USUARIO\AppData\Roaming\npm\node_modules\firebase-tools\lib\bin\firebase.js init
[debug] [2024-02-16T18:49:54.739Z] CLI Version:   13.2.1
[debug] [2024-02-16T18:49:54.739Z] Platform:      win32
[debug] [2024-02-16T18:49:54.739Z] Node Version:  v18.16.0
[debug] [2024-02-16T18:49:54.740Z] Time:          Fri Feb 16 2024 13:49:54 GMT-0500 (Ecuador Time)
[debug] [2024-02-16T18:49:54.740Z] ----------------------------------------------------------------------
[debug] 
[debug] [2024-02-16T18:49:54.782Z] > command requires scopes: ["email","openid","https://www.googleapis.com/auth/cloudplatformprojects.readonly","https://www.googleapis.com/auth/firebase","https://www.googleapis.com/auth/cloud-platform"]
[debug] [2024-02-16T18:49:54.782Z] > authorizing via signed-in user (andrenimacion@gmail.com)
[info] 
     ######## #### ########  ######## ########     ###     ######  ########
     ##        ##  ##     ## ##       ##     ##  ##   ##  ##       ##
     ######    ##  ########  ######   ########  #########  ######  ######
     ##        ##  ##    ##  ##       ##     ## ##     ##       ## ##
     ##       #### ##     ## ######## ########  ##     ##  ######  ########

You're about to initialize a Firebase project in this directory:

  C:\Users\USUARIO\Documents\pomodoro90\pomodoro

Before we get started, keep in mind:

  * You are initializing within an existing Firebase project directory

